Using pre-set license
Built from '2020.3/staging' branch; Version is '2020.3.28f1 (f5400f52e03f) revision 16072719'; Using compiler version '192528614'; Build Type 'Release'
OS: 'Windows 10  (10.0.19044) 64bit Professional' Language: 'ko' Physical Memory: 16318 MB
BatchMode: 1, IsHumanControllingUs: 0, StartBugReporterOnCrash: 0, Is64bit: 1, IsPro: 0

COMMAND LINE ARGUMENTS:
C:\Program Files\Unity\Hub\Editor\2020.3.28f1\Editor\Unity.exe
-adb2
-batchMode
-noUpm
-name
AssetImportWorker0
-projectPath
D:/2022_AI/Unity/GitHub/AI_WebToon/ZombieSecondTerm/20220527_Zombie_sirkang/Zombie_sirkang
-logFile
Logs/AssetImportWorker0.log
-srvPort
56116
Successfully changed project path to: D:/2022_AI/Unity/GitHub/AI_WebToon/ZombieSecondTerm/20220527_Zombie_sirkang/Zombie_sirkang
D:/2022_AI/Unity/GitHub/AI_WebToon/ZombieSecondTerm/20220527_Zombie_sirkang/Zombie_sirkang
Using Asset Import Pipeline V2.
Refreshing native plugins compatible for Editor in 31.64 ms, found 2 plugins.
Preloading 0 native plugins for Editor in 0.00 ms.
Initialize engine version: 2020.3.28f1 (f5400f52e03f)
[Subsystems] Discovering subsystems at path C:/Program Files/Unity/Hub/Editor/2020.3.28f1/Editor/Data/Resources/UnitySubsystems
[Subsystems] Discovering subsystems at path D:/2022_AI/Unity/GitHub/AI_WebToon/ZombieSecondTerm/20220527_Zombie_sirkang/Zombie_sirkang/Assets
GfxDevice: creating device client; threaded=0
Direct3D:
    Version:  Direct3D 11.0 [level 11.1]
    Renderer: NVIDIA GeForce GTX 1060 6GB (ID=0x1c03)
    Vendor:   
    VRAM:     6052 MB
    Driver:   27.21.14.5751
Initialize mono
Mono path[0] = 'C:/Program Files/Unity/Hub/Editor/2020.3.28f1/Editor/Data/Managed'
Mono path[1] = 'C:/Program Files/Unity/Hub/Editor/2020.3.28f1/Editor/Data/MonoBleedingEdge/lib/mono/unityjit'
Mono config path = 'C:/Program Files/Unity/Hub/Editor/2020.3.28f1/Editor/Data/MonoBleedingEdge/etc'
Using monoOptions --debugger-agent=transport=dt_socket,embedding=1,server=y,suspend=n,address=127.0.0.1:56284
Begin MonoManager ReloadAssembly
Registering precompiled unity dll's ...
Register platform support module: C:/Program Files/Unity/Hub/Editor/2020.3.28f1/Editor/Data/PlaybackEngines/WindowsStandaloneSupport/UnityEditor.WindowsStandalone.Extensions.dll
Registered in 0.001834 seconds.
Native extension for WindowsStandalone target not found
Refreshing native plugins compatible for Editor in 28.76 ms, found 2 plugins.
Preloading 0 native plugins for Editor in 0.00 ms.
Mono: successfully reloaded assembly
- Completed reload, in  0.476 seconds
Domain Reload Profiling:
	ReloadAssembly (476ms)
		BeginReloadAssembly (54ms)
			ExecutionOrderSort (0ms)
			DisableScriptedObjects (0ms)
			BackupInstance (0ms)
			ReleaseScriptingObjects (0ms)
			CreateAndSetChildDomain (1ms)
		EndReloadAssembly (362ms)
			LoadAssemblies (52ms)
			RebuildTransferFunctionScriptingTraits (0ms)
			SetupTypeCache (122ms)
			ReleaseScriptCaches (0ms)
			RebuildScriptCaches (25ms)
			SetupLoadedEditorAssemblies (132ms)
				LogAssemblyErrors (0ms)
				InitializePlatformSupportModulesInManaged (3ms)
				SetLoadedEditorAssemblies (0ms)
				RefreshPlugins (29ms)
				BeforeProcessingInitializeOnLoad (11ms)
				ProcessInitializeOnLoadAttributes (66ms)
				ProcessInitializeOnLoadMethodAttributes (23ms)
				AfterProcessingInitializeOnLoad (0ms)
				EditorAssembliesLoaded (0ms)
			ExecutionOrderSort2 (0ms)
			AwakeInstancesAfterBackupRestoration (0ms)
Platform modules already initialized, skipping
Registering precompiled user dll's ...
Registered in 0.002662 seconds.
Begin MonoManager ReloadAssembly
Native extension for WindowsStandalone target not found
Refreshing native plugins compatible for Editor in 0.35 ms, found 2 plugins.
Preloading 0 native plugins for Editor in 0.00 ms.
Mono: successfully reloaded assembly
- Completed reload, in  0.846 seconds
Domain Reload Profiling:
	ReloadAssembly (846ms)
		BeginReloadAssembly (125ms)
			ExecutionOrderSort (0ms)
			DisableScriptedObjects (4ms)
			BackupInstance (0ms)
			ReleaseScriptingObjects (0ms)
			CreateAndSetChildDomain (16ms)
		EndReloadAssembly (672ms)
			LoadAssemblies (78ms)
			RebuildTransferFunctionScriptingTraits (0ms)
			SetupTypeCache (231ms)
			ReleaseScriptCaches (0ms)
			RebuildScriptCaches (38ms)
			SetupLoadedEditorAssemblies (259ms)
				LogAssemblyErrors (0ms)
				InitializePlatformSupportModulesInManaged (4ms)
				SetLoadedEditorAssemblies (0ms)
				RefreshPlugins (0ms)
				BeforeProcessingInitializeOnLoad (74ms)
				ProcessInitializeOnLoadAttributes (166ms)
				ProcessInitializeOnLoadMethodAttributes (7ms)
				AfterProcessingInitializeOnLoad (6ms)
				EditorAssembliesLoaded (0ms)
			ExecutionOrderSort2 (0ms)
			AwakeInstancesAfterBackupRestoration (5ms)
Platform modules already initialized, skipping
========================================================================
Worker process is ready to serve import requests
Launched and connected shader compiler UnityShaderCompiler.exe after 0.06 seconds
Refreshing native plugins compatible for Editor in 0.34 ms, found 2 plugins.
Preloading 0 native plugins for Editor in 0.00 ms.
Unloading 1803 Unused Serialized files (Serialized files now loaded: 0)
System memory in use before: 173.5 MB.
System memory in use after: 173.6 MB.

Unloading 20 unused Assets to reduce memory usage. Loaded Objects now: 2263.
Total: 2.217900 ms (FindLiveObjects: 0.111700 ms CreateObjectMapping: 0.045800 ms MarkObjects: 1.991700 ms  DeleteObjects: 0.068000 ms)

AssetImportParameters requested are different than current active one (requested -> active):
  custom:framework-win-MediaFoundation: 216162199b28c13a410421893ffa2e32 -> 
  custom:video-decoder-ogg-theora: a1e56fd34408186e4bbccfd4996cb3dc -> 
  custom:container-muxer-webm: aa71ff27fc2769a1b78a27578f13a17b -> 
  custom:container-demuxer-webm: 4f35f7cbe854078d1ac9338744f61a02 -> 
  custom:container-demuxer-ogg: 62fdf1f143b41e24485cea50d1cbac27 -> 
  custom:video-encoder-webm-vp8: eb34c28f22e8b96e1ab97ce403110664 -> 
  custom:video-decoder-webm-vp8: 9c59270c3fd7afecdb556c50c9e8de78 -> 
  custom:audio-decoder-ogg-vorbis: bf7c407c2cedff20999df2af8eb42d56 -> 
  custom:audio-encoder-webm-vorbis: bf7c407c2cedff20999df2af8eb42d56 -> 
========================================================================
Received Import Request.
  path: Assets/Models/zombiegirl_w_2.fbx
  artifactKey: Guid(22f37e0b65688614ab573947fbe6e850) Importer(815301076,1909f56bfc062723c751e8b465ee728b)
Start importing Assets/Models/zombiegirl_w_2.fbx using Guid(22f37e0b65688614ab573947fbe6e850) Importer(815301076,1909f56bfc062723c751e8b465ee728b)  -> (artifact id: 'f3d264f97bae03222fa1413c5584c142') in 0.158966 seconds 
  Import took 0.161655 seconds .

========================================================================
Received Import Request.
  Time since last request: 10.915320 seconds.
  path: Assets/Models/zombiegirl_w_1 1.fbx
  artifactKey: Guid(b6f864d39117bb1498744e691d7ae754) Importer(815301076,1909f56bfc062723c751e8b465ee728b)
Start importing Assets/Models/zombiegirl_w_1 1.fbx using Guid(b6f864d39117bb1498744e691d7ae754) Importer(815301076,1909f56bfc062723c751e8b465ee728b)  -> (artifact id: '5b38973b9c0ee90fc6c76cc911c83509') in 0.127184 seconds 
  Import took 0.130056 seconds .

========================================================================
Received Import Request.
  Time since last request: 8.241936 seconds.
  path: Assets/Models/zombiegirl_w_Backup.fbx
  artifactKey: Guid(b6f864d39117bb1498744e691d7ae754) Importer(815301076,1909f56bfc062723c751e8b465ee728b)
Start importing Assets/Models/zombiegirl_w_Backup.fbx using Guid(b6f864d39117bb1498744e691d7ae754) Importer(815301076,1909f56bfc062723c751e8b465ee728b)  -> (artifact id: 'abc31b5b9b0fa434d60c8ef183a3bbea') in 0.052604 seconds 
  Import took 0.055369 seconds .

========================================================================
Received Import Request.
  Time since last request: 1.757063 seconds.
  path: Assets/Models/zombiegirl_w_1.fbx
  artifactKey: Guid(0076678c0d6c7d04ba9089ee217ec519) Importer(815301076,1909f56bfc062723c751e8b465ee728b)
Start importing Assets/Models/zombiegirl_w_1.fbx using Guid(0076678c0d6c7d04ba9089ee217ec519) Importer(815301076,1909f56bfc062723c751e8b465ee728b)  -> (artifact id: 'bc1a85359fef346c533e428b9ad874ec') in 0.043442 seconds 
  Import took 0.046126 seconds .

========================================================================
Received Import Request.
  Time since last request: 5.200248 seconds.
  path: Assets/Models/zombiegirl_w_1.fbx
  artifactKey: Guid(0076678c0d6c7d04ba9089ee217ec519) Importer(815301076,1909f56bfc062723c751e8b465ee728b)
Start importing Assets/Models/zombiegirl_w_1.fbx using Guid(0076678c0d6c7d04ba9089ee217ec519) Importer(815301076,1909f56bfc062723c751e8b465ee728b)  -> (artifact id: '7f718fadcfaa47d45c000f2cb8dee195') in 0.067324 seconds 
  Import took 0.070166 seconds .

========================================================================
Received Import Request.
  Time since last request: 2.266314 seconds.
  path: Assets/Models/zombiegirl_w_1.fbx
  artifactKey: Guid(0076678c0d6c7d04ba9089ee217ec519) Importer(815301076,1909f56bfc062723c751e8b465ee728b)
Start importing Assets/Models/zombiegirl_w_1.fbx using Guid(0076678c0d6c7d04ba9089ee217ec519) Importer(815301076,1909f56bfc062723c751e8b465ee728b)  -> (artifact id: 'b9410285cd0cd5c4ccb168fe2a6cadf7') in 0.041606 seconds 
  Import took 0.045223 seconds .

========================================================================
Received Import Request.
  Time since last request: 116.424447 seconds.
  path: Assets/Models/zombiegirl_w_Backup.fbx
  artifactKey: Guid(b6f864d39117bb1498744e691d7ae754) Importer(815301076,1909f56bfc062723c751e8b465ee728b)
Start importing Assets/Models/zombiegirl_w_Backup.fbx using Guid(b6f864d39117bb1498744e691d7ae754) Importer(815301076,1909f56bfc062723c751e8b465ee728b)  -> (artifact id: 'a04110c95136b6c8bc270afeb7af3fc0') in 0.049644 seconds 
  Import took 0.052609 seconds .

========================================================================
Received Prepare
Registering precompiled user dll's ...
Registered in 0.003086 seconds.
Begin MonoManager ReloadAssembly
Native extension for WindowsStandalone target not found
Refreshing native plugins compatible for Editor in 0.34 ms, found 2 plugins.
Preloading 0 native plugins for Editor in 0.00 ms.
Mono: successfully reloaded assembly
- Completed reload, in  0.780 seconds
Domain Reload Profiling:
	ReloadAssembly (780ms)
		BeginReloadAssembly (97ms)
			ExecutionOrderSort (0ms)
			DisableScriptedObjects (3ms)
			BackupInstance (0ms)
			ReleaseScriptingObjects (0ms)
			CreateAndSetChildDomain (27ms)
		EndReloadAssembly (633ms)
			LoadAssemblies (76ms)
			RebuildTransferFunctionScriptingTraits (0ms)
			SetupTypeCache (223ms)
			ReleaseScriptCaches (1ms)
			RebuildScriptCaches (32ms)
			SetupLoadedEditorAssemblies (235ms)
				LogAssemblyErrors (0ms)
				InitializePlatformSupportModulesInManaged (3ms)
				SetLoadedEditorAssemblies (0ms)
				RefreshPlugins (0ms)
				BeforeProcessingInitializeOnLoad (68ms)
				ProcessInitializeOnLoadAttributes (150ms)
				ProcessInitializeOnLoadMethodAttributes (7ms)
				AfterProcessingInitializeOnLoad (6ms)
				EditorAssembliesLoaded (0ms)
			ExecutionOrderSort2 (0ms)
			AwakeInstancesAfterBackupRestoration (5ms)
Platform modules already initialized, skipping
Refreshing native plugins compatible for Editor in 0.35 ms, found 2 plugins.
Preloading 0 native plugins for Editor in 0.00 ms.
Unloading 1755 Unused Serialized files (Serialized files now loaded: 0)
System memory in use before: 186.4 MB.
System memory in use after: 186.5 MB.

Unloading 15 unused Assets to reduce memory usage. Loaded Objects now: 2309.
Total: 2.217000 ms (FindLiveObjects: 0.115700 ms CreateObjectMapping: 0.045700 ms MarkObjects: 2.038800 ms  DeleteObjects: 0.016200 ms)

AssetImportParameters requested are different than current active one (requested -> active):
  custom:framework-win-MediaFoundation: 216162199b28c13a410421893ffa2e32 -> 
  custom:video-decoder-ogg-theora: a1e56fd34408186e4bbccfd4996cb3dc -> 
  custom:container-muxer-webm: aa71ff27fc2769a1b78a27578f13a17b -> 
  custom:container-demuxer-webm: 4f35f7cbe854078d1ac9338744f61a02 -> 
  custom:container-demuxer-ogg: 62fdf1f143b41e24485cea50d1cbac27 -> 
  custom:video-encoder-webm-vp8: eb34c28f22e8b96e1ab97ce403110664 -> 
  custom:video-decoder-webm-vp8: 9c59270c3fd7afecdb556c50c9e8de78 -> 
  custom:audio-decoder-ogg-vorbis: bf7c407c2cedff20999df2af8eb42d56 -> 
  custom:audio-encoder-webm-vorbis: bf7c407c2cedff20999df2af8eb42d56 -> 
AssetImportWorkerClient::OnTransportError - code=2 error=End of file
